before
after
end initialazition
iLastUndetectedFault=1878
iLastUndetectedFault=1877
iLastUndetectedFault=1876
iLastUndetectedFault=1874
iLastUndetectedFault=1872
iLastUndetectedFault=1870
iLastUndetectedFault=1868
iLastUndetectedFault=1866
iLastUndetectedFault=1864
iLastUndetectedFault=1862
iLastUndetectedFault=1860
iLastUndetectedFault=1858
iLastUndetectedFault=1856
iLastUndetectedFault=1854
iLastUndetectedFault=1852
iLastUndetectedFault=1850
iLastUndetectedFault=1848
iLastUndetectedFault=1844
iLastUndetectedFault=1840
iLastUndetectedFault=1838
iLastUndetectedFault=1836
iLastUndetectedFault=1834
iLastUndetectedFault=1831
iLastUndetectedFault=1822
iLastUndetectedFault=1820
iLastUndetectedFault=1817
iLastUndetectedFault=1811
iLastUndetectedFault=1809
iLastUndetectedFault=1801
iLastUndetectedFault=1791
iLastUndetectedFault=1783
iLastUndetectedFault=1761
iLastUndetectedFault=1757
iLastUndetectedFault=1756
iLastUndetectedFault=1753
iLastUndetectedFault=1751
iLastUndetectedFault=1745
iLastUndetectedFault=1694
iLastUndetectedFault=1692
iLastUndetectedFault=1682
iLastUndetectedFault=1679
iLastUndetectedFault=1676
iLastUndetectedFault=1662
iLastUndetectedFault=1659
iLastUndetectedFault=1626
iLastUndetectedFault=1620
iLastUndetectedFault=1616
iLastUndetectedFault=1612
iLastUndetectedFault=1608
iLastUndetectedFault=1605
iLastUndetectedFault=1599
iLastUndetectedFault=1569
iLastUndetectedFault=1526
iLastUndetectedFault=1524
iLastUndetectedFault=1523
iLastUndetectedFault=1508
iLastUndetectedFault=1502
iLastUndetectedFault=1461
iLastUndetectedFault=1459
iLastUndetectedFault=1449
iLastUndetectedFault=1448
iLastUndetectedFault=1447
iLastUndetectedFault=1435
iLastUndetectedFault=1432
iLastUndetectedFault=1426
iLastUndetectedFault=1382
iLastUndetectedFault=1377
iLastUndetectedFault=1352
iLastUndetectedFault=1320
iLastUndetectedFault=1304
iLastUndetectedFault=1258
iLastUndetectedFault=1244
iLastUndetectedFault=1213
iLastUndetectedFault=1205
iLastUndetectedFault=1042
iLastUndetectedFault=963
iLastUndetectedFault=939
iLastUndetectedFault=934
iLastUndetectedFault=914
iLastUndetectedFault=905
iLastUndetectedFault=883
iLastUndetectedFault=846
iLastUndetectedFault=830
iLastUndetectedFault=818
iLastUndetectedFault=772
iLastUndetectedFault=764
iLastUndetectedFault=750
iLastUndetectedFault=731
iLastUndetectedFault=697
iLastUndetectedFault=691
iLastUndetectedFault=684
iLastUndetectedFault=672
iLastUndetectedFault=663
iLastUndetectedFault=656
iLastUndetectedFault=649
iLastUndetectedFault=644
iLastUndetectedFault=642
iLastUndetectedFault=638
iLastUndetectedFault=635
iLastUndetectedFault=625
iLastUndetectedFault=609
iLastUndetectedFault=607
iLastUndetectedFault=604
iLastUndetectedFault=603
iLastUndetectedFault=601
iLastUndetectedFault=599
iLastUndetectedFault=597
iLastUndetectedFault=596
iLastUndetectedFault=593
iLastUndetectedFault=590
iLastUndetectedFault=589
iLastUndetectedFault=585
iLastUndetectedFault=582
iLastUndetectedFault=581
iLastUndetectedFault=580
iLastUndetectedFault=578
iLastUndetectedFault=576
iLastUndetectedFault=575
iLastUndetectedFault=572
iLastUndetectedFault=571
iLastUndetectedFault=569
iLastUndetectedFault=568
iLastUndetectedFault=566
iLastUndetectedFault=565
iLastUndetectedFault=564
iLastUndetectedFault=513
iLastUndetectedFault=512
iLastUndetectedFault=511
iLastUndetectedFault=509
iLastUndetectedFault=508
iLastUndetectedFault=505
iLastUndetectedFault=503
iLastUndetectedFault=501
iLastUndetectedFault=497
iLastUndetectedFault=495
iLastUndetectedFault=494
iLastUndetectedFault=492
iLastUndetectedFault=491
iLastUndetectedFault=488
iLastUndetectedFault=487
iLastUndetectedFault=484
iLastUndetectedFault=481
iLastUndetectedFault=480
iLastUndetectedFault=477
iLastUndetectedFault=475
iLastUndetectedFault=474
iLastUndetectedFault=473
iLastUndetectedFault=471
iLastUndetectedFault=470
iLastUndetectedFault=467
iLastUndetectedFault=466
iLastUndetectedFault=464
iLastUndetectedFault=460
iLastUndetectedFault=459
iLastUndetectedFault=457
iLastUndetectedFault=456
iLastUndetectedFault=455
iLastUndetectedFault=453
iLastUndetectedFault=452
iLastUndetectedFault=367
iLastUndetectedFault=364
iLastUndetectedFault=363
iLastUndetectedFault=362
iLastUndetectedFault=361
iLastUndetectedFault=355
iLastUndetectedFault=354
iLastUndetectedFault=353
iLastUndetectedFault=352
iLastUndetectedFault=351
iLastUndetectedFault=339
iLastUndetectedFault=325
iLastUndetectedFault=320
iLastUndetectedFault=317
iLastUndetectedFault=312
iLastUndetectedFault=265
iLastUndetectedFault=257
iLastUndetectedFault=233
iLastUndetectedFault=169
iLastUndetectedFault=149
iLastUndetectedFault=148
iLastUndetectedFault=144
iLastUndetectedFault=142
iLastUndetectedFault=139
iLastUndetectedFault=137
iLastUndetectedFault=136
iLastUndetectedFault=135
iLastUndetectedFault=134
iLastUndetectedFault=132
iLastUndetectedFault=130
iLastUndetectedFault=129
iLastUndetectedFault=128
iLastUndetectedFault=127
iLastUndetectedFault=124
iLastUndetectedFault=120
iLastUndetectedFault=119
iLastUndetectedFault=118
iLastUndetectedFault=115
iLastUndetectedFault=113
iLastUndetectedFault=106
iLastUndetectedFault=105
iLastUndetectedFault=102
iLastUndetectedFault=101
iLastUndetectedFault=92
33 33 33 33 33 33 33 33 33 33 33 	*******************************************************
	*                                                     *
	*          Welcome to atalanta (version 2.0)          *
	*                                                     *
	*               Dong S. Ha (ha@vt.edu)                *
	*            Web: http://www.ee.vt.edu/ha             *
	*  Virginia Polytechnic Institute & State University  *
	*                                                     *
	*******************************************************

******   SUMMARY OF TEST PATTERN GENERATION RESULTS   ******
1. Circuit structure
   Name of the circuit                       : c1908
   Number of primary inputs                  : 33
   Number of primary outputs                 : 25
   Number of gates                           : 880
   Level of the circuit                      : 40

2. ATPG parameters
   Test pattern generation Mode              : RPT + DTPG + TC
   Limit of random patterns (packets)        : 16
   Backtrack limit                           : 10
   Initial random number generator seed      : 1770141289
   Test pattern compaction Mode              : REVERSE + SHUFFLE 
   Limit of shuffling compaction             : 2
   Number of shuffles                        : 12

3. Test pattern generation results
   Number of test patterns before compaction : 193
   Number of test patterns after compaction  : 128
   Fault coverage                            : 99.468 %
   Number of collapsed faults                : 1879
   Number of identified redundant faults     : 7
   Number of aborted faults                  : 3
   Total number of backtrackings             : 95

4. Memory used                               : 0.000 MB

5. CPU time
   Initialization                            : 0.000 Secs
   Fault simulation                          : 0.033 Secs
   FAN                                       : 0.033 Secs
   Total                                     : 0.067 Secs
