before
after
end initialazition
iLastUndetectedFault=5349
iLastUndetectedFault=5348
iLastUndetectedFault=5347
iLastUndetectedFault=5345
iLastUndetectedFault=5344
iLastUndetectedFault=5343
iLastUndetectedFault=5341
iLastUndetectedFault=5340
iLastUndetectedFault=5339
iLastUndetectedFault=5337
iLastUndetectedFault=5335
iLastUndetectedFault=5333
iLastUndetectedFault=5332
iLastUndetectedFault=5331
iLastUndetectedFault=5329
iLastUndetectedFault=5327
iLastUndetectedFault=5325
iLastUndetectedFault=5323
iLastUndetectedFault=5321
iLastUndetectedFault=5319
iLastUndetectedFault=5317
iLastUndetectedFault=5315
iLastUndetectedFault=5313
iLastUndetectedFault=5311
iLastUndetectedFault=5309
iLastUndetectedFault=5307
iLastUndetectedFault=5305
iLastUndetectedFault=5303
iLastUndetectedFault=5301
iLastUndetectedFault=5300
iLastUndetectedFault=5299
iLastUndetectedFault=5298
iLastUndetectedFault=5297
iLastUndetectedFault=5295
iLastUndetectedFault=5293
iLastUndetectedFault=5291
iLastUndetectedFault=5289
iLastUndetectedFault=5287
iLastUndetectedFault=5285
iLastUndetectedFault=5283
iLastUndetectedFault=5281
iLastUndetectedFault=5280
iLastUndetectedFault=5279
iLastUndetectedFault=5278
iLastUndetectedFault=5277
iLastUndetectedFault=5275
iLastUndetectedFault=5273
iLastUndetectedFault=5271
iLastUndetectedFault=5269
iLastUndetectedFault=5267
iLastUndetectedFault=5265
iLastUndetectedFault=5263
iLastUndetectedFault=5261
iLastUndetectedFault=5259
iLastUndetectedFault=5257
iLastUndetectedFault=5255
iLastUndetectedFault=5253
iLastUndetectedFault=5251
iLastUndetectedFault=5249
iLastUndetectedFault=5247
iLastUndetectedFault=5245
iLastUndetectedFault=5243
iLastUndetectedFault=5241
iLastUndetectedFault=5239
iLastUndetectedFault=5231
iLastUndetectedFault=5229
iLastUndetectedFault=5226
iLastUndetectedFault=5225
iLastUndetectedFault=5213
iLastUndetectedFault=5211
iLastUndetectedFault=5205
iLastUndetectedFault=5201
iLastUndetectedFault=5191
iLastUndetectedFault=5183
iLastUndetectedFault=5181
iLastUndetectedFault=5179
iLastUndetectedFault=5177
iLastUndetectedFault=5176
iLastUndetectedFault=5171
iLastUndetectedFault=5165
iLastUndetectedFault=5163
iLastUndetectedFault=5161
iLastUndetectedFault=5159
iLastUndetectedFault=5153
iLastUndetectedFault=5149
iLastUndetectedFault=5147
iLastUndetectedFault=5145
iLastUndetectedFault=5143
iLastUndetectedFault=5140
iLastUndetectedFault=5139
iLastUndetectedFault=5137
iLastUndetectedFault=5135
iLastUndetectedFault=5129
iLastUndetectedFault=5127
iLastUndetectedFault=5125
iLastUndetectedFault=5124
iLastUndetectedFault=5121
iLastUndetectedFault=5117
iLastUndetectedFault=5097
iLastUndetectedFault=5095
iLastUndetectedFault=5073
iLastUndetectedFault=5072
iLastUndetectedFault=5071
iLastUndetectedFault=5055
iLastUndetectedFault=5049
iLastUndetectedFault=5048
iLastUndetectedFault=5045
iLastUndetectedFault=5044
iLastUndetectedFault=5041
iLastUndetectedFault=5040
iLastUndetectedFault=5037
iLastUndetectedFault=5036
iLastUndetectedFault=5033
iLastUndetectedFault=5032
iLastUndetectedFault=5029
iLastUndetectedFault=5028
iLastUndetectedFault=5025
iLastUndetectedFault=5024
iLastUndetectedFault=5021
iLastUndetectedFault=5020
iLastUndetectedFault=5010
iLastUndetectedFault=5007
iLastUndetectedFault=5006
iLastUndetectedFault=5002
iLastUndetectedFault=4999
iLastUndetectedFault=4998
iLastUndetectedFault=4995
iLastUndetectedFault=4994
iLastUndetectedFault=4991
iLastUndetectedFault=4990
iLastUndetectedFault=4987
iLastUndetectedFault=4986
iLastUndetectedFault=4983
iLastUndetectedFault=4982
iLastUndetectedFault=4981
iLastUndetectedFault=4979
iLastUndetectedFault=4978
iLastUndetectedFault=4975
iLastUndetectedFault=4974
iLastUndetectedFault=4973
iLastUndetectedFault=4970
iLastUndetectedFault=4969
iLastUndetectedFault=4966
iLastUndetectedFault=4958
iLastUndetectedFault=4957
iLastUndetectedFault=4956
iLastUndetectedFault=4953
iLastUndetectedFault=4945
iLastUndetectedFault=4923
iLastUndetectedFault=4922
iLastUndetectedFault=4919
iLastUndetectedFault=4918
iLastUndetectedFault=4914
iLastUndetectedFault=4910
iLastUndetectedFault=4905
iLastUndetectedFault=4843
iLastUndetectedFault=4829
iLastUndetectedFault=4766
iLastUndetectedFault=4760
iLastUndetectedFault=4742
iLastUndetectedFault=4734
iLastUndetectedFault=4732
iLastUndetectedFault=4722
iLastUndetectedFault=4720
iLastUndetectedFault=4716
iLastUndetectedFault=4706
iLastUndetectedFault=4700
iLastUndetectedFault=4698
iLastUndetectedFault=4674
iLastUndetectedFault=4672
iLastUndetectedFault=4659
iLastUndetectedFault=4650
iLastUndetectedFault=4570
iLastUndetectedFault=4566
iLastUndetectedFault=4562
iLastUndetectedFault=4558
iLastUndetectedFault=4554
iLastUndetectedFault=4550
iLastUndetectedFault=4546
iLastUndetectedFault=4542
iLastUndetectedFault=4538
iLastUndetectedFault=4534
iLastUndetectedFault=4530
iLastUndetectedFault=4526
iLastUndetectedFault=4522
iLastUndetectedFault=4518
iLastUndetectedFault=4514
iLastUndetectedFault=4510
iLastUndetectedFault=4502
iLastUndetectedFault=4498
iLastUndetectedFault=4490
iLastUndetectedFault=4487
iLastUndetectedFault=4482
iLastUndetectedFault=4474
iLastUndetectedFault=4470
iLastUndetectedFault=4466
iLastUndetectedFault=4462
iLastUndetectedFault=4458
iLastUndetectedFault=4454
iLastUndetectedFault=4450
iLastUndetectedFault=4446
iLastUndetectedFault=4439
iLastUndetectedFault=4434
iLastUndetectedFault=4431
iLastUndetectedFault=4430
iLastUndetectedFault=4423
iLastUndetectedFault=4422
iLastUndetectedFault=4416
iLastUndetectedFault=4404
iLastUndetectedFault=4402
iLastUndetectedFault=4396
iLastUndetectedFault=4394
iLastUndetectedFault=4356
iLastUndetectedFault=4353
iLastUndetectedFault=4352
iLastUndetectedFault=4349
iLastUndetectedFault=4348
iLastUndetectedFault=4345
iLastUndetectedFault=4344
iLastUndetectedFault=4341
iLastUndetectedFault=4340
iLastUndetectedFault=4337
iLastUndetectedFault=4336
iLastUndetectedFault=4333
iLastUndetectedFault=4319
iLastUndetectedFault=4315
iLastUndetectedFault=4309
iLastUndetectedFault=4307
iLastUndetectedFault=4293
iLastUndetectedFault=4287
iLastUndetectedFault=4282
iLastUndetectedFault=4263
iLastUndetectedFault=4257
iLastUndetectedFault=4231
iLastUndetectedFault=4228
iLastUndetectedFault=4207
iLastUndetectedFault=4205
iLastUndetectedFault=4202
iLastUndetectedFault=4191
iLastUndetectedFault=4189
iLastUndetectedFault=4138
iLastUndetectedFault=4129
iLastUndetectedFault=4119
iLastUndetectedFault=4100
iLastUndetectedFault=4081
iLastUndetectedFault=4062
iLastUndetectedFault=4043
iLastUndetectedFault=4024
iLastUndetectedFault=4005
iLastUndetectedFault=3987
iLastUndetectedFault=3986
iLastUndetectedFault=3985
iLastUndetectedFault=3980
iLastUndetectedFault=3968
iLastUndetectedFault=3967
iLastUndetectedFault=3961
iLastUndetectedFault=3948
iLastUndetectedFault=3930
iLastUndetectedFault=3929
iLastUndetectedFault=3911
iLastUndetectedFault=3910
iLastUndetectedFault=3892
iLastUndetectedFault=3891
iLastUndetectedFault=3890
iLastUndetectedFault=3873
iLastUndetectedFault=3854
iLastUndetectedFault=3853
iLastUndetectedFault=3852
iLastUndetectedFault=3835
iLastUndetectedFault=3816
iLastUndetectedFault=3815
iLastUndetectedFault=3814
iLastUndetectedFault=3797
iLastUndetectedFault=3778
iLastUndetectedFault=3777
iLastUndetectedFault=3776
iLastUndetectedFault=3757
iLastUndetectedFault=3756
iLastUndetectedFault=3755
iLastUndetectedFault=3754
iLastUndetectedFault=3735
iLastUndetectedFault=3716
iLastUndetectedFault=3644
iLastUndetectedFault=3632
iLastUndetectedFault=3626
iLastUndetectedFault=3607
iLastUndetectedFault=3566
iLastUndetectedFault=3561
iLastUndetectedFault=3432
iLastUndetectedFault=3424
iLastUndetectedFault=3371
iLastUndetectedFault=3248
iLastUndetectedFault=3212
iLastUndetectedFault=3211
iLastUndetectedFault=3128
iLastUndetectedFault=3124
iLastUndetectedFault=3123
iLastUndetectedFault=3122
iLastUndetectedFault=3120
iLastUndetectedFault=3104
iLastUndetectedFault=3101
iLastUndetectedFault=3098
iLastUndetectedFault=3097
iLastUndetectedFault=3095
iLastUndetectedFault=3089
iLastUndetectedFault=3026
iLastUndetectedFault=3020
iLastUndetectedFault=2984
iLastUndetectedFault=2967
iLastUndetectedFault=2947
iLastUndetectedFault=2944
iLastUndetectedFault=2943
iLastUndetectedFault=2941
iLastUndetectedFault=2939
iLastUndetectedFault=2938
iLastUndetectedFault=2936
iLastUndetectedFault=2934
iLastUndetectedFault=2933
iLastUndetectedFault=2903
iLastUndetectedFault=2892
iLastUndetectedFault=2889
iLastUndetectedFault=2886
iLastUndetectedFault=2885
iLastUndetectedFault=2883
iLastUndetectedFault=2881
iLastUndetectedFault=2880
iLastUndetectedFault=2878
iLastUndetectedFault=2875
iLastUndetectedFault=2874
iLastUndetectedFault=2866
iLastUndetectedFault=2836
iLastUndetectedFault=2835
iLastUndetectedFault=2834
iLastUndetectedFault=2832
iLastUndetectedFault=2831
iLastUndetectedFault=2830
iLastUndetectedFault=2828
iLastUndetectedFault=2821
iLastUndetectedFault=2820
iLastUndetectedFault=2819
iLastUndetectedFault=2818
iLastUndetectedFault=2817
iLastUndetectedFault=2816
iLastUndetectedFault=2795
iLastUndetectedFault=2793
iLastUndetectedFault=2791
iLastUndetectedFault=2789
iLastUndetectedFault=2787
iLastUndetectedFault=2784
iLastUndetectedFault=2783
iLastUndetectedFault=2782
iLastUndetectedFault=2781
iLastUndetectedFault=2728
iLastUndetectedFault=2721
iLastUndetectedFault=2719
iLastUndetectedFault=2718
iLastUndetectedFault=2717
iLastUndetectedFault=2716
iLastUndetectedFault=2713
iLastUndetectedFault=2705
iLastUndetectedFault=2704
iLastUndetectedFault=2703
iLastUndetectedFault=2701
iLastUndetectedFault=2700
iLastUndetectedFault=2699
iLastUndetectedFault=2698
iLastUndetectedFault=2697
iLastUndetectedFault=2694
iLastUndetectedFault=2693
iLastUndetectedFault=2681
iLastUndetectedFault=2677
iLastUndetectedFault=2662
iLastUndetectedFault=2660
iLastUndetectedFault=2658
iLastUndetectedFault=2654
iLastUndetectedFault=2653
iLastUndetectedFault=2646
iLastUndetectedFault=2644
iLastUndetectedFault=2634
iLastUndetectedFault=2627
iLastUndetectedFault=2624
iLastUndetectedFault=2621
iLastUndetectedFault=2620
iLastUndetectedFault=2619
iLastUndetectedFault=2617
iLastUndetectedFault=2615
iLastUndetectedFault=2613
iLastUndetectedFault=2612
iLastUndetectedFault=2610
iLastUndetectedFault=2609
iLastUndetectedFault=2608
iLastUndetectedFault=2607
iLastUndetectedFault=2592
iLastUndetectedFault=2582
iLastUndetectedFault=2577
iLastUndetectedFault=2575
iLastUndetectedFault=2573
iLastUndetectedFault=2569
iLastUndetectedFault=2561
iLastUndetectedFault=2559
iLastUndetectedFault=2558
iLastUndetectedFault=2553
iLastUndetectedFault=2551
iLastUndetectedFault=2550
iLastUndetectedFault=2549
iLastUndetectedFault=2545
iLastUndetectedFault=2544
iLastUndetectedFault=2543
iLastUndetectedFault=2537
iLastUndetectedFault=2536
iLastUndetectedFault=2535
iLastUndetectedFault=2533
iLastUndetectedFault=2532
iLastUndetectedFault=2531
iLastUndetectedFault=2530
iLastUndetectedFault=2529
iLastUndetectedFault=2526
iLastUndetectedFault=2525
iLastUndetectedFault=2524
iLastUndetectedFault=2523
iLastUndetectedFault=2435
iLastUndetectedFault=2431
iLastUndetectedFault=2430
iLastUndetectedFault=2429
iLastUndetectedFault=2400
iLastUndetectedFault=2346
iLastUndetectedFault=2209
iLastUndetectedFault=2189
iLastUndetectedFault=2169
iLastUndetectedFault=2165
iLastUndetectedFault=2164
iLastUndetectedFault=2163
iLastUndetectedFault=2155
iLastUndetectedFault=2151
iLastUndetectedFault=2150
iLastUndetectedFault=2149
iLastUndetectedFault=2045
iLastUndetectedFault=2041
iLastUndetectedFault=2040
iLastUndetectedFault=2039
iLastUndetectedFault=2027
iLastUndetectedFault=2026
iLastUndetectedFault=2025
iLastUndetectedFault=2017
iLastUndetectedFault=2012
iLastUndetectedFault=2011
iLastUndetectedFault=2003
iLastUndetectedFault=1998
iLastUndetectedFault=1997
iLastUndetectedFault=1984
iLastUndetectedFault=1983
iLastUndetectedFault=1971
iLastUndetectedFault=1970
iLastUndetectedFault=1969
iLastUndetectedFault=1961
iLastUndetectedFault=1957
iLastUndetectedFault=1956
iLastUndetectedFault=1955
iLastUndetectedFault=1935
iLastUndetectedFault=1901
iLastUndetectedFault=1881
iLastUndetectedFault=1827
iLastUndetectedFault=1823
iLastUndetectedFault=1822
iLastUndetectedFault=1821
iLastUndetectedFault=1817
iLastUndetectedFault=1809
iLastUndetectedFault=1808
iLastUndetectedFault=1807
iLastUndetectedFault=1775
iLastUndetectedFault=1774
iLastUndetectedFault=1773
iLastUndetectedFault=1769
iLastUndetectedFault=1765
iLastUndetectedFault=1760
iLastUndetectedFault=1759
iLastUndetectedFault=1755
iLastUndetectedFault=1711
iLastUndetectedFault=1707
iLastUndetectedFault=1706
iLastUndetectedFault=1705
iLastUndetectedFault=1683
iLastUndetectedFault=1676
iLastUndetectedFault=1675
iLastUndetectedFault=1674
iLastUndetectedFault=1661
iLastUndetectedFault=1660
iLastUndetectedFault=1656
iLastUndetectedFault=1655
iLastUndetectedFault=1647
iLastUndetectedFault=1362
iLastUndetectedFault=1358
iLastUndetectedFault=1355
iLastUndetectedFault=1354
iLastUndetectedFault=1349
iLastUndetectedFault=1340
iLastUndetectedFault=1336
iLastUndetectedFault=1331
iLastUndetectedFault=1325
iLastUndetectedFault=1271
iLastUndetectedFault=1270
iLastUndetectedFault=1269
iLastUndetectedFault=1267
iLastUndetectedFault=1266
iLastUndetectedFault=1255
iLastUndetectedFault=1253
iLastUndetectedFault=1252
iLastUndetectedFault=1251
iLastUndetectedFault=1245
iLastUndetectedFault=1244
iLastUndetectedFault=1243
iLastUndetectedFault=1235
iLastUndetectedFault=1211
iLastUndetectedFault=1196
iLastUndetectedFault=1194
iLastUndetectedFault=1184
iLastUndetectedFault=1183
iLastUndetectedFault=1180
iLastUndetectedFault=1179
iLastUndetectedFault=1177
iLastUndetectedFault=1155
iLastUndetectedFault=1154
iLastUndetectedFault=1138
iLastUndetectedFault=1137
iLastUndetectedFault=1135
iLastUndetectedFault=1134
iLastUndetectedFault=1132
iLastUndetectedFault=1125
iLastUndetectedFault=1109
iLastUndetectedFault=1108
iLastUndetectedFault=1105
iLastUndetectedFault=1102
iLastUndetectedFault=1098
iLastUndetectedFault=1097
iLastUndetectedFault=1096
iLastUndetectedFault=1094
iLastUndetectedFault=1093
iLastUndetectedFault=1092
iLastUndetectedFault=1089
iLastUndetectedFault=1088
iLastUndetectedFault=1086
iLastUndetectedFault=1080
iLastUndetectedFault=1079
iLastUndetectedFault=1078
iLastUndetectedFault=1076
iLastUndetectedFault=1075
iLastUndetectedFault=1074
iLastUndetectedFault=1071
iLastUndetectedFault=1068
iLastUndetectedFault=1061
iLastUndetectedFault=1058
iLastUndetectedFault=1057
iLastUndetectedFault=1056
iLastUndetectedFault=1053
iLastUndetectedFault=1050
iLastUndetectedFault=1044
iLastUndetectedFault=1043
iLastUndetectedFault=1042
iLastUndetectedFault=1040
iLastUndetectedFault=1039
iLastUndetectedFault=1038
iLastUndetectedFault=1035
iLastUndetectedFault=1032
iLastUndetectedFault=973
iLastUndetectedFault=968
iLastUndetectedFault=958
iLastUndetectedFault=955
iLastUndetectedFault=954
iLastUndetectedFault=952
iLastUndetectedFault=950
iLastUndetectedFault=918
iLastUndetectedFault=915
iLastUndetectedFault=914
iLastUndetectedFault=912
iLastUndetectedFault=910
iLastUndetectedFault=884
iLastUndetectedFault=883
iLastUndetectedFault=880
iLastUndetectedFault=879
iLastUndetectedFault=867
iLastUndetectedFault=865
iLastUndetectedFault=861
iLastUndetectedFault=859
iLastUndetectedFault=857
iLastUndetectedFault=856
iLastUndetectedFault=855
iLastUndetectedFault=827
iLastUndetectedFault=825
iLastUndetectedFault=824
iLastUndetectedFault=822
iLastUndetectedFault=821
iLastUndetectedFault=820
iLastUndetectedFault=811
iLastUndetectedFault=808
iLastUndetectedFault=807
iLastUndetectedFault=804
iLastUndetectedFault=803
iLastUndetectedFault=796
iLastUndetectedFault=795
iLastUndetectedFault=793
iLastUndetectedFault=792
iLastUndetectedFault=789
iLastUndetectedFault=787
iLastUndetectedFault=785
iLastUndetectedFault=784
iLastUndetectedFault=783
iLastUndetectedFault=768
iLastUndetectedFault=767
iLastUndetectedFault=764
iLastUndetectedFault=763
iLastUndetectedFault=750
iLastUndetectedFault=749
iLastUndetectedFault=746
iLastUndetectedFault=745
iLastUndetectedFault=732
iLastUndetectedFault=731
iLastUndetectedFault=728
iLastUndetectedFault=727
iLastUndetectedFault=714
iLastUndetectedFault=713
iLastUndetectedFault=710
iLastUndetectedFault=709
iLastUndetectedFault=703
iLastUndetectedFault=701
iLastUndetectedFault=697
iLastUndetectedFault=695
iLastUndetectedFault=693
iLastUndetectedFault=692
iLastUndetectedFault=691
iLastUndetectedFault=683
iLastUndetectedFault=679
iLastUndetectedFault=677
iLastUndetectedFault=675
iLastUndetectedFault=674
iLastUndetectedFault=673
iLastUndetectedFault=665
iLastUndetectedFault=661
iLastUndetectedFault=659
iLastUndetectedFault=657
iLastUndetectedFault=656
iLastUndetectedFault=655
iLastUndetectedFault=649
iLastUndetectedFault=643
iLastUndetectedFault=641
iLastUndetectedFault=639
iLastUndetectedFault=638
iLastUndetectedFault=637
iLastUndetectedFault=627
iLastUndetectedFault=624
iLastUndetectedFault=623
iLastUndetectedFault=620
iLastUndetectedFault=619
iLastUndetectedFault=611
iLastUndetectedFault=604
iLastUndetectedFault=603
iLastUndetectedFault=600
iLastUndetectedFault=599
iLastUndetectedFault=587
iLastUndetectedFault=584
iLastUndetectedFault=583
iLastUndetectedFault=580
iLastUndetectedFault=579
iLastUndetectedFault=564
iLastUndetectedFault=563
iLastUndetectedFault=560
iLastUndetectedFault=559
iLastUndetectedFault=551
iLastUndetectedFault=549
iLastUndetectedFault=545
iLastUndetectedFault=543
iLastUndetectedFault=541
iLastUndetectedFault=540
iLastUndetectedFault=539
iLastUndetectedFault=531
iLastUndetectedFault=525
iLastUndetectedFault=523
iLastUndetectedFault=521
iLastUndetectedFault=520
iLastUndetectedFault=519
iLastUndetectedFault=511
iLastUndetectedFault=505
iLastUndetectedFault=503
iLastUndetectedFault=501
iLastUndetectedFault=500
iLastUndetectedFault=499
iLastUndetectedFault=487
iLastUndetectedFault=485
iLastUndetectedFault=483
iLastUndetectedFault=481
iLastUndetectedFault=480
iLastUndetectedFault=479
iLastUndetectedFault=473
iLastUndetectedFault=472
iLastUndetectedFault=471
iLastUndetectedFault=469
iLastUndetectedFault=468
iLastUndetectedFault=466
iLastUndetectedFault=458
iLastUndetectedFault=457
iLastUndetectedFault=456
iLastUndetectedFault=435
iLastUndetectedFault=434
iLastUndetectedFault=433
iLastUndetectedFault=432
iLastUndetectedFault=431
iLastUndetectedFault=430
iLastUndetectedFault=429
iLastUndetectedFault=428
iLastUndetectedFault=427
iLastUndetectedFault=425
iLastUndetectedFault=424
iLastUndetectedFault=422
iLastUndetectedFault=412
iLastUndetectedFault=409
iLastUndetectedFault=408
iLastUndetectedFault=404
iLastUndetectedFault=403
iLastUndetectedFault=400
iLastUndetectedFault=399
iLastUndetectedFault=394
iLastUndetectedFault=393
iLastUndetectedFault=390
iLastUndetectedFault=387
iLastUndetectedFault=385
iLastUndetectedFault=383
iLastUndetectedFault=382
iLastUndetectedFault=381
iLastUndetectedFault=368
iLastUndetectedFault=367
iLastUndetectedFault=364
iLastUndetectedFault=363
iLastUndetectedFault=358
iLastUndetectedFault=350
iLastUndetectedFault=349
iLastUndetectedFault=346
iLastUndetectedFault=345
iLastUndetectedFault=340
iLastUndetectedFault=339
iLastUndetectedFault=332
iLastUndetectedFault=331
iLastUndetectedFault=328
iLastUndetectedFault=327
iLastUndetectedFault=319
iLastUndetectedFault=315
iLastUndetectedFault=313
iLastUndetectedFault=311
iLastUndetectedFault=310
iLastUndetectedFault=309
iLastUndetectedFault=304
iLastUndetectedFault=301
iLastUndetectedFault=297
iLastUndetectedFault=295
iLastUndetectedFault=293
iLastUndetectedFault=292
iLastUndetectedFault=291
iLastUndetectedFault=286
iLastUndetectedFault=285
iLastUndetectedFault=279
iLastUndetectedFault=277
iLastUndetectedFault=275
iLastUndetectedFault=274
iLastUndetectedFault=273
iLastUndetectedFault=268
iLastUndetectedFault=267
iLastUndetectedFault=260
iLastUndetectedFault=259
iLastUndetectedFault=256
iLastUndetectedFault=255
iLastUndetectedFault=249
iLastUndetectedFault=248
iLastUndetectedFault=247
iLastUndetectedFault=240
iLastUndetectedFault=239
iLastUndetectedFault=236
iLastUndetectedFault=235
iLastUndetectedFault=223
iLastUndetectedFault=220
iLastUndetectedFault=219
iLastUndetectedFault=216
iLastUndetectedFault=215
iLastUndetectedFault=208
iLastUndetectedFault=204
iLastUndetectedFault=200
iLastUndetectedFault=199
iLastUndetectedFault=196
iLastUndetectedFault=195
iLastUndetectedFault=188
iLastUndetectedFault=187
iLastUndetectedFault=181
iLastUndetectedFault=179
iLastUndetectedFault=177
iLastUndetectedFault=176
iLastUndetectedFault=175
iLastUndetectedFault=168
iLastUndetectedFault=167
iLastUndetectedFault=161
iLastUndetectedFault=159
iLastUndetectedFault=157
iLastUndetectedFault=156
iLastUndetectedFault=155
iLastUndetectedFault=141
iLastUndetectedFault=139
iLastUndetectedFault=137
iLastUndetectedFault=136
iLastUndetectedFault=135
iLastUndetectedFault=125
iLastUndetectedFault=124
iLastUndetectedFault=121
iLastUndetectedFault=119
iLastUndetectedFault=117
iLastUndetectedFault=116
iLastUndetectedFault=115
iLastUndetectedFault=104
iLastUndetectedFault=100
iLastUndetectedFault=99
iLastUndetectedFault=98
iLastUndetectedFault=87
iLastUndetectedFault=83
iLastUndetectedFault=82
iLastUndetectedFault=81
iLastUndetectedFault=66
iLastUndetectedFault=65
iLastUndetectedFault=62
iLastUndetectedFault=61
iLastUndetectedFault=53
iLastUndetectedFault=49
iLastUndetectedFault=47
iLastUndetectedFault=45
iLastUndetectedFault=44
iLastUndetectedFault=43
iLastUndetectedFault=30
iLastUndetectedFault=29
iLastUndetectedFault=26
iLastUndetectedFault=25
iLastUndetectedFault=15
iLastUndetectedFault=11
iLastUndetectedFault=9
iLastUndetectedFault=7
iLastUndetectedFault=6
iLastUndetectedFault=5
178 178 178 178 178 178 178 178 178 178 178 	*******************************************************
	*                                                     *
	*          Welcome to atalanta (version 2.0)          *
	*                                                     *
	*               Dong S. Ha (ha@vt.edu)                *
	*            Web: http://www.ee.vt.edu/ha             *
	*  Virginia Polytechnic Institute & State University  *
	*                                                     *
	*******************************************************

******   SUMMARY OF TEST PATTERN GENERATION RESULTS   ******
1. Circuit structure
   Name of the circuit                       : c5315
   Number of primary inputs                  : 178
   Number of primary outputs                 : 123
   Number of gates                           : 2307
   Level of the circuit                      : 49

2. ATPG parameters
   Test pattern generation Mode              : RPT + DTPG + TC
   Limit of random patterns (packets)        : 16
   Backtrack limit                           : 10
   Initial random number generator seed      : 1770141289
   Test pattern compaction Mode              : REVERSE + SHUFFLE 
   Limit of shuffling compaction             : 2
   Number of shuffles                        : 12

3. Test pattern generation results
   Number of test patterns before compaction : 780
   Number of test patterns after compaction  : 599
   Fault coverage                            : 98.879 %
   Number of collapsed faults                : 5350
   Number of identified redundant faults     : 59
   Number of aborted faults                  : 1
   Total number of backtrackings             : 87

4. Memory used                               : 0.000 MB

5. CPU time
   Initialization                            : 0.000 Secs
   Fault simulation                          : 0.233 Secs
   FAN                                       : 0.083 Secs
   Total                                     : 0.317 Secs
