before
after
end initialazition
iLastUndetectedFault=941
iLastUndetectedFault=940
iLastUndetectedFault=939
iLastUndetectedFault=936
iLastUndetectedFault=934
iLastUndetectedFault=931
iLastUndetectedFault=930
iLastUndetectedFault=928
iLastUndetectedFault=927
iLastUndetectedFault=925
iLastUndetectedFault=923
iLastUndetectedFault=922
iLastUndetectedFault=921
iLastUndetectedFault=918
iLastUndetectedFault=917
iLastUndetectedFault=913
iLastUndetectedFault=911
iLastUndetectedFault=909
iLastUndetectedFault=907
iLastUndetectedFault=905
iLastUndetectedFault=903
iLastUndetectedFault=901
iLastUndetectedFault=899
iLastUndetectedFault=892
iLastUndetectedFault=891
iLastUndetectedFault=887
iLastUndetectedFault=885
iLastUndetectedFault=883
iLastUndetectedFault=882
iLastUndetectedFault=881
iLastUndetectedFault=877
iLastUndetectedFault=875
iLastUndetectedFault=873
iLastUndetectedFault=871
iLastUndetectedFault=869
iLastUndetectedFault=867
iLastUndetectedFault=865
iLastUndetectedFault=861
iLastUndetectedFault=859
iLastUndetectedFault=857
iLastUndetectedFault=856
iLastUndetectedFault=853
iLastUndetectedFault=852
iLastUndetectedFault=851
iLastUndetectedFault=843
iLastUndetectedFault=841
iLastUndetectedFault=840
iLastUndetectedFault=839
iLastUndetectedFault=835
iLastUndetectedFault=834
iLastUndetectedFault=830
iLastUndetectedFault=829
iLastUndetectedFault=828
iLastUndetectedFault=826
iLastUndetectedFault=825
iLastUndetectedFault=824
iLastUndetectedFault=823
iLastUndetectedFault=822
iLastUndetectedFault=821
iLastUndetectedFault=819
iLastUndetectedFault=817
iLastUndetectedFault=813
iLastUndetectedFault=796
iLastUndetectedFault=788
iLastUndetectedFault=754
iLastUndetectedFault=745
iLastUndetectedFault=742
iLastUndetectedFault=741
iLastUndetectedFault=739
iLastUndetectedFault=731
iLastUndetectedFault=730
iLastUndetectedFault=729
iLastUndetectedFault=727
iLastUndetectedFault=726
iLastUndetectedFault=725
iLastUndetectedFault=723
iLastUndetectedFault=722
iLastUndetectedFault=714
iLastUndetectedFault=703
iLastUndetectedFault=702
iLastUndetectedFault=701
iLastUndetectedFault=700
iLastUndetectedFault=695
iLastUndetectedFault=694
iLastUndetectedFault=693
iLastUndetectedFault=692
iLastUndetectedFault=691
iLastUndetectedFault=689
iLastUndetectedFault=687
iLastUndetectedFault=686
iLastUndetectedFault=685
iLastUndetectedFault=684
iLastUndetectedFault=677
iLastUndetectedFault=668
iLastUndetectedFault=660
iLastUndetectedFault=657
iLastUndetectedFault=641
iLastUndetectedFault=625
iLastUndetectedFault=613
iLastUndetectedFault=607
iLastUndetectedFault=606
iLastUndetectedFault=605
iLastUndetectedFault=601
iLastUndetectedFault=593
iLastUndetectedFault=590
iLastUndetectedFault=589
iLastUndetectedFault=585
iLastUndetectedFault=576
iLastUndetectedFault=575
iLastUndetectedFault=574
iLastUndetectedFault=573
iLastUndetectedFault=569
iLastUndetectedFault=561
iLastUndetectedFault=559
iLastUndetectedFault=555
iLastUndetectedFault=554
iLastUndetectedFault=543
iLastUndetectedFault=542
iLastUndetectedFault=531
iLastUndetectedFault=530
iLastUndetectedFault=519
iLastUndetectedFault=518
iLastUndetectedFault=512
iLastUndetectedFault=507
iLastUndetectedFault=498
iLastUndetectedFault=496
iLastUndetectedFault=493
iLastUndetectedFault=490
iLastUndetectedFault=488
iLastUndetectedFault=485
iLastUndetectedFault=482
iLastUndetectedFault=480
iLastUndetectedFault=477
iLastUndetectedFault=474
iLastUndetectedFault=472
iLastUndetectedFault=467
iLastUndetectedFault=456
iLastUndetectedFault=454
iLastUndetectedFault=451
iLastUndetectedFault=447
iLastUndetectedFault=445
iLastUndetectedFault=439
iLastUndetectedFault=433
iLastUndetectedFault=427
iLastUndetectedFault=425
iLastUndetectedFault=419
iLastUndetectedFault=409
iLastUndetectedFault=403
iLastUndetectedFault=401
iLastUndetectedFault=400
iLastUndetectedFault=398
iLastUndetectedFault=397
iLastUndetectedFault=395
iLastUndetectedFault=394
iLastUndetectedFault=393
iLastUndetectedFault=392
iLastUndetectedFault=391
iLastUndetectedFault=390
iLastUndetectedFault=389
iLastUndetectedFault=368
iLastUndetectedFault=367
iLastUndetectedFault=363
iLastUndetectedFault=361
iLastUndetectedFault=360
iLastUndetectedFault=358
iLastUndetectedFault=357
iLastUndetectedFault=356
iLastUndetectedFault=354
iLastUndetectedFault=353
iLastUndetectedFault=352
iLastUndetectedFault=349
iLastUndetectedFault=348
iLastUndetectedFault=346
iLastUndetectedFault=345
iLastUndetectedFault=344
iLastUndetectedFault=343
iLastUndetectedFault=318
iLastUndetectedFault=317
iLastUndetectedFault=316
iLastUndetectedFault=311
iLastUndetectedFault=303
iLastUndetectedFault=300
iLastUndetectedFault=295
iLastUndetectedFault=289
iLastUndetectedFault=271
iLastUndetectedFault=270
iLastUndetectedFault=269
iLastUndetectedFault=268
iLastUndetectedFault=265
iLastUndetectedFault=264
iLastUndetectedFault=225
iLastUndetectedFault=224
iLastUndetectedFault=164
iLastUndetectedFault=163
iLastUndetectedFault=82
iLastUndetectedFault=80
iLastUndetectedFault=70
iLastUndetectedFault=51
iLastUndetectedFault=41
iLastUndetectedFault=34
60 60 60 60 60 60 60 	*******************************************************
	*                                                     *
	*          Welcome to atalanta (version 2.0)          *
	*                                                     *
	*               Dong S. Ha (ha@vt.edu)                *
	*            Web: http://www.ee.vt.edu/ha             *
	*  Virginia Polytechnic Institute & State University  *
	*                                                     *
	*******************************************************

******   SUMMARY OF TEST PATTERN GENERATION RESULTS   ******
1. Circuit structure
   Name of the circuit                       : c880
   Number of primary inputs                  : 60
   Number of primary outputs                 : 26
   Number of gates                           : 383
   Level of the circuit                      : 24

2. ATPG parameters
   Test pattern generation Mode              : RPT + DTPG + TC
   Limit of random patterns (packets)        : 16
   Backtrack limit                           : 10
   Initial random number generator seed      : 1770141289
   Test pattern compaction Mode              : REVERSE + SHUFFLE 
   Limit of shuffling compaction             : 2
   Number of shuffles                        : 8

3. Test pattern generation results
   Number of test patterns before compaction : 200
   Number of test patterns after compaction  : 148
   Fault coverage                            : 100.000 %
   Number of collapsed faults                : 942
   Number of identified redundant faults     : 0
   Number of aborted faults                  : 0
   Total number of backtrackings             : 0

4. Memory used                               : 0.000 MB

5. CPU time
   Initialization                            : 0.000 Secs
   Fault simulation                          : 0.017 Secs
   FAN                                       : 0.000 Secs
   Total                                     : 0.017 Secs
